<?xml version="1.0" encoding="UTF-8"?>
<!-- Generated by org.testng.reporters.JUnitReportReporter -->
<testsuite hostname="PANTHER" failures="0" tests="9" name="runners.TestRunner" time="159.838" errors="0" timestamp="2025-09-07T22:42:48 IST" skipped="0">
  <testcase classname="runners.TestRunner" name="runScenario" time="11.836"/>
  <testcase classname="runners.TestRunner" name="runScenario" time="12.634"/>
  <testcase classname="runners.TestRunner" name="runScenario" time="23.724"/>
  <testcase classname="runners.TestRunner" name="runScenario" time="4.598"/>
  <testcase classname="runners.TestRunner" name="runScenario" time="17.526"/>
  <testcase classname="runners.TestRunner" name="runScenario" time="6.741"/>
  <testcase classname="runners.TestRunner" name="runScenario" time="10.691"/>
  <testcase classname="runners.TestRunner" name="runScenario" time="7.470"/>
  <testcase classname="runners.TestRunner" name="runScenario" time="64.618"/>
</testsuite> <!-- runners.TestRunner -->
