<?xml version="1.0" encoding="UTF-8"?>
<!-- Generated by org.testng.reporters.JUnitReportReporter -->
<testsuite hostname="PANTHER" failures="0" tests="9" name="runners.TestRunner" time="87.911" errors="0" timestamp="2025-09-08T15:42:20 IST" skipped="0">
  <testcase classname="runners.TestRunner" name="runScenario" time="6.560"/>
  <testcase classname="runners.TestRunner" name="runScenario" time="10.985"/>
  <testcase classname="runners.TestRunner" name="runScenario" time="4.774"/>
  <testcase classname="runners.TestRunner" name="runScenario" time="7.296"/>
  <testcase classname="runners.TestRunner" name="runScenario" time="6.756"/>
  <testcase classname="runners.TestRunner" name="runScenario" time="5.589"/>
  <testcase classname="runners.TestRunner" name="runScenario" time="9.162"/>
  <testcase classname="runners.TestRunner" name="runScenario" time="28.534"/>
  <testcase classname="runners.TestRunner" name="runScenario" time="8.255"/>
</testsuite> <!-- runners.TestRunner -->
